2026-06-27 02:34:56,039 - Processed: reporting_and_audit/‚ÄúQiym…ôtli kagŐÜńĪzlar bazarńĪnda lisenziyalasŐßdńĪrńĪlan sŐß…ôxsl…ôrin k…ônar auditorlarńĪna dair t…ôl…ôbl…ôr haqqńĪnda Qaydalar‚ÄĚńĪn t…ôsdiq edilm…ôsi bar…ôd…ô.md -> 9 chunks, 3 pages.
2026-06-27 02:34:56,040 - Processed: reporting_and_audit/‚ÄúDoŐąvl…ôt qeydiyyatńĪna alńĪnmńĪsŐßdńĪr.md -> 27 chunks, 8 pages.
2026-06-27 02:34:56,041 - Processed: reporting_and_audit/Az…ôrbaycan RespublikasńĪnńĪn M…ôrk…ôzi BankńĪ - Az…ôrbaycan RespublikasńĪnńĪn Bank sistemind…ô¬†…ôman…ôtl…ôrin (depozitl…ôrin) ucŐßot QaydalarńĪ.md -> 8 chunks, 2 pages.
2026-06-27 02:34:56,041 - Processed: reporting_and_audit/‚ÄúQEYD∆Ź ALINMISŐßDIR‚ÄĚ ‚ÄúT∆ŹSDIŐáQ EDIŐáR∆ŹM‚ÄĚ.md -> 7 chunks, 2 pages.
2026-06-27 02:34:56,044 - Processed: reporting_and_audit/93968292987fc27975a90fcfd.md -> 67 chunks, 49 pages.
2026-06-27 02:34:56,045 - Processed: reporting_and_audit/‚ÄúQEYD∆Ź ALINMISŐßDIR‚ÄĚ.md -> 7 chunks, 2 pages.
2026-06-27 02:34:56,046 - Processed: reporting_and_audit/3df76b8c-0902-46c3-86d9-7274e5a85bfa.md -> 20 chunks, 6 pages.
2026-06-27 02:34:56,046 - Processed: reporting_and_audit/‚ÄúDoŐąvl…ôt qeydiyyatńĪna alńĪnmńĪsŐßdńĪr‚ÄĚ.md -> 5 chunks, 2 pages.
2026-06-27 02:34:56,046 - Processed: reporting_and_audit/‚ÄúEmitentin istiqraz buraxńĪlńĪŇüńĪnńĪn maksimum h…ôcmin…ô dair t…ôl…ôbl…ôr haqqńĪnda Qayda‚ÄĚnńĪn t…ôsdiq edilm…ôsi bar…ôd…ô.md -> 0 chunks, 1 pages.
2026-06-27 02:34:56,047 - Processed: reporting_and_audit/Az…ôrbaycan RespublikasńĪ Prezidentinin F…ôrmanńĪ.md -> 15 chunks, 6 pages.
2026-06-27 02:34:56,053 - Processed: reporting_and_audit/‚ÄúAz…ôrbaycan RespublikasńĪ rezidentl…ôrinin qeyri-rezidentl…ôrl…ô maliyy…ô …ôm…ôliyyatlarńĪna v…ô neytral …ôm…ôliyyatlara dair hesabatńĪn t…ôrtibi v…ô t…ôqdim edilm…ôsi haqqńĪnda T…ôlimat‚ÄĚńĪn t…ôsdiq edilm…ôsi bar…ôd…ô.md -> 485 chunks, 26 pages.
2026-06-27 02:34:56,054 - Processed: reporting_and_audit/‚ÄúFiziki sŐß…ôxsl…ôrin bank hesablarńĪndan Az…ôrbaycan RespublikasńĪndan k…ônara koŐącŐßuŐąruŐąl…ôn xarici valyuta haqqńĪnda statistik hesabatńĪn t…ôrtibi v…ô t…ôqdim edilm…ôsin…ô dair T…ôlimat‚ÄĚńĪn t…ôsdiq edilm…ôsi bar…ôd…ô.md -> 6 chunks, 2 pages.
2026-06-27 02:34:56,055 - Processed: reporting_and_audit/05dc79d9-43f7-4a71-aa62-709a43c03f7d.md -> 8 chunks, 3 pages.
2026-06-27 02:34:56,056 - Processed: reporting_and_audit/_DoŐąvl…ôt qeydiyyatńĪna alńĪnmńĪsŐßdńĪr.md -> 28 chunks, 11 pages.
2026-06-27 02:34:56,057 - Processed: reporting_and_audit/¬ęDoŐąvl…ôt qeydiyyatńĪna alńĪnmńĪsŐßdńĪr¬Ľ.md -> 9 chunks, 3 pages.
2026-06-27 02:34:56,058 - Processed: reporting_and_audit/‚ÄúIŐápoteka oŐąrtuŐąyuŐąnuŐąn reyestrinin aparńĪlmasńĪ v…ô s…ôr…ôncamcŐßńĪ t…ôr…ôfind…ôn ipoteka oŐąrtuŐąyuŐąnuŐąn yoxlanńĪlmasńĪnńĪn n…ôtic…ôl…ôri bar…ôd…ô hesabata dair t…ôl…ôbl…ôr haqqńĪnda Qaydalar‚ÄĚńĪn t…ôsdiq edilm…ôsi bar…ôd…ô.md -> 9 chunks, 3 pages.
2026-06-27 02:34:56,061 - Processed: payments_and_banking_operations/Bank HesablarńĪ QaydasńĪ.md -> 123 chunks, 41 pages.
2026-06-27 02:34:56,062 - Processed: payments_and_banking_operations/Az…ôrbaycan RespublikasńĪnńĪn M…ôrk…ôzi BankńĪ - Az…ôrbaycan RespublikasńĪnńĪn bank sistemind…ô¬†oŐąd…ônisŐß vasit…ôl…ôrinin maliyy…ô hesabatlarńĪnda ucŐßotu QaydalarńĪ.md -> 8 chunks, 6 pages.
2026-06-27 02:34:56,074 - Processed: payments_and_banking_operations/Az…ôrbaycan RespublikasńĪnńĪn M…ôrk…ôzi BankńĪ - Az…ôrbaycan RespublikasńĪnda elektron bankcŐßńĪlńĪq xidm…ôtl…ôrinin goŐąst…ôrilm…ôsin…ô v…ô bu xidm…ôtl…ôr uŐązr…ô¬†t…ôhluŐąk…ôsizliyin t…ômin olunmasńĪna dair¬†Metodoloji R…ôhb…ôrlik.md -> 15 chunks, 14 pages.
2026-06-27 02:34:56,081 - Processed: payments_and_banking_operations/D…ônizk…ônarńĪ Bulvar IŐádar…ôsinin f…ôaliyy…ôtinin t…ômin edilm…ôsi haqqńĪnda.md -> 79 chunks, 33 pages.
2026-06-27 02:34:56,097 - Processed: payments_and_banking_operations/ńįstehlak krediti m√ľqavil…ôsi √ľzr…ô standart m…ôlumatlandńĪrma formasńĪ.md -> 5 chunks, 5 pages.
2026-06-27 02:34:56,098 - Processed: payments_and_banking_operations/9abef96e-dec9-4c51-b763-8ccf4e23afdd.md -> 8 chunks, 5 pages.
2026-06-27 02:34:56,099 - Processed: payments_and_banking_operations/c8ef8b99-7b1c-442c-bf14-1f015ec0cc8e.md -> 6 chunks, 3 pages.
2026-06-27 02:34:56,099 - Processed: payments_and_banking_operations/Az…ôrbaycan RespublikasńĪnńĪn M…ôrk…ôzi BankńĪ - S…ôn…ôdl…ôsŐßdirilmisŐß emissiya qiym…ôtli kagŐÜńĪzlarńĪn sertifikatlarńĪnńĪn m…ôcburi rekvizitl…ôri.md -> 7 chunks, 2 pages.
2026-06-27 02:34:56,101 - Processed: payments_and_banking_operations/Bank SŐßoŐąb…ôl…ôri v…ô Valyuta QaydasńĪ.md -> 8 chunks, 5 pages.
2026-06-27 02:34:56,102 - Processed: payments_and_banking_operations/dd1aa268-4de2-48ab-8953-c87d3f1c74e3.md -> 23 chunks, 5 pages.
2026-06-27 02:34:56,112 - Processed: payments_and_banking_operations/4a6fbf3ba5bf66fda98b121c7.md -> 54 chunks, 61 pages.
2026-06-27 02:34:56,115 - Processed: payments_and_banking_operations/64b6f05f-196b-4894-9374-9e5c1c4df7a2.md -> 123 chunks, 15 pages.
2026-06-27 02:34:56,115 - Processed: payments_and_banking_operations/Az…ôrbaycan RespublikasńĪnńĪn 1999-cu il 22 iyun tarixli 689-IQ noŐąmr…ôli Qanunu il…ô t…ôsdiq edilmisŐß ¬ę∆Źdal…ôt muŐąhakim…ôsinin r…ôsmi embleminin t…ôsviri¬Ľnd…ô d…ôyisŐßiklik edilm…ôsi bar…ôd…ô.md -> 3 chunks, 2 pages.
2026-06-27 02:34:56,116 - Processed: payments_and_banking_operations/‚ÄúIŐánvestisiya qiym…ôtli kagŐÜńĪzlarńĪnńĪn qiym…ôtinin sabitl…ôsŐßdirilm…ôsi haqqńĪnda Qaydalar‚ÄĚńĪn t…ôsdiq edilm…ôsi bar…ôd…ô.md -> 10 chunks, 2 pages.
2026-06-27 02:34:56,118 - Processed: laws/AZ∆ŹRBAYCAN RESPUBLIŐáKASININ QANUNU.md -> 114 chunks, 10 pages.
2026-06-27 02:34:56,118 - Processed: laws/402 _Az…ôrbaycan RespublikasńĪnńĪn Milli BankńĪ haqqńĪnda_ Az…ôrbaycan RespublikasńĪ Qanununun t…ôtbiq edilm…ôsi bar…ôd…ô.md -> 6 chunks, 2 pages.
2026-06-27 02:34:56,127 - Processed: laws/Banklar HaqqńĪnda Qanun.md -> 198 chunks, 136 pages.
2026-06-27 02:34:56,131 - Processed: laws/802-IIQ-Az…ôrbaycan RespublikasńĪnńĪn M…ôrk…ôzi BankńĪ haqqńĪnda.md -> 123 chunks, 54 pages.
2026-06-27 02:34:56,132 - Processed: laws/_Banklar haqqńĪnda_ Az…ôrbaycan RespublikasńĪ Qanununun t…ôtbiq edilm…ôsi bar…ôd…ô.md -> 8 chunks, 4 pages.
2026-06-27 02:34:56,134 - Processed: laws/∆Źman…ôtl…ôrin sńĪgŐÜortalanmasńĪ haqqńĪnda.md -> 45 chunks, 16 pages.
2026-06-27 02:34:56,136 - Processed: laws/933-IIIQ-Bank olmayan kredit t…ôsŐßkilatlarńĪ haqqńĪnda.md -> 50 chunks, 29 pages.
2026-06-27 02:34:56,145 - Processed: laws/590-IIQ-Banklar haqqńĪnda.md -> 204 chunks, 122 pages.
2026-06-27 02:34:56,146 - Processed: risk_management/Az…ôrbaycan RespublikasńĪ Prezidentinin 1999-cu il 14 may tarixli 130 noŐąmr…ôli F…ôrmanńĪ il…ô t…ôsdiq edilmisŐß ¬ęAz…ôrbaycan RespublikasńĪnńĪn f…ôxri adlarńĪ haqqńĪnda ∆Źsasnam…ô¬Ľd…ô d…ôyisŐßiklikl…ôr edilm…ôsi bar…ôd…ô.md -> 12 chunks, 2 pages.
2026-06-27 02:34:56,146 - Processed: risk_management/1e1594e275bb96ef2c75aa1e8.md -> 11 chunks, 9 pages.
2026-06-27 02:34:56,147 - Processed: risk_management/faa09ce5-3d98-48b1-ac48-e81ca3d9d4e7.md -> 20 chunks, 6 pages.
2026-06-27 02:34:56,150 - Processed: risk_management/1db1173040cd0364af5d7f0d2.md -> 27 chunks, 59 pages.
2026-06-27 02:34:56,151 - Processed: risk_management/f15fd85d-3c4e-4d87-aa78-8367ca166daf.md -> 15 chunks, 6 pages.
2026-06-27 02:34:56,152 - Processed: risk_management/‚ÄúOŐąd…ôm…ô qabiliyy…ôtini itirmisŐß banklarńĪn rezolyusiyasńĪ v…ô sagŐÜlamlasŐßdńĪrma t…ôdbirl…ôri cŐß…ôrcŐßiv…ôsind…ô qeyri-isŐßl…ôk (toksik) aktivl…ôrin t…ôqdim edilm…ôsi QaydasńĪ‚ÄĚnńĪn t…ôsdiq edilm…ôsi haqqńĪnda.md -> 8 chunks, 2 pages.
2026-06-27 02:34:56,155 - Processed: risk_management/98a6608d0eb4e83b612fde01f.md -> 46 chunks, 86 pages.
2026-06-27 02:34:56,156 - Processed: risk_management/∆Źm…ôliyyat Riskl…ôrinin ńįdar…ô Edilm…ôsi QaydasńĪ.md -> 47 chunks, 11 pages.
2026-06-27 02:34:56,157 - Processed: risk_management/5b725bb224d33e2085294c793.md -> 33 chunks, 15 pages.
2026-06-27 02:34:56,158 - Processed: risk_management/dc1546b51b6aa6b3d92409836.md -> 17 chunks, 27 pages.
2026-06-27 02:34:56,161 - Processed: risk_management/1dfb892e-6204-4404-9166-c861f06996fa.md -> 79 chunks, 20 pages.
2026-06-27 02:34:56,162 - Processed: risk_management/IŐánformasiya Sisteml…ôrinin T…ôhluŐąk…ôsizliyi QaydalarńĪ.md -> 13 chunks, 6 pages.
2026-06-27 02:34:56,163 - Processed: risk_management/511cdc58f232d5d9395551ae8.md -> 24 chunks, 11 pages.
2026-06-27 02:34:56,165 - Processed: risk_management/09b9304488242be054f8c2eb6.md -> 30 chunks, 60 pages.
2026-06-27 02:34:56,166 - Processed: risk_management/6c51a485-6986-4257-b6e0-25475732f1dc.md -> 18 chunks, 5 pages.
2026-06-27 02:34:56,167 - Processed: risk_management/8a4d0220-9312-4ef2-88e8-c65b607a186a.md -> 20 chunks, 6 pages.
2026-06-27 02:34:56,171 - Processed: risk_management/ba0d73daa9275fa1fe1e4694b.md -> 64 chunks, 66 pages.
2026-06-27 02:34:56,174 - Processed: risk_management/baab9bc790127f849f8ac1040.md -> 52 chunks, 88 pages.
2026-06-27 02:34:56,175 - Processed: risk_management/7fd12f0749b180441d54cd4de.md -> 17 chunks, 20 pages.
2026-06-27 02:34:56,176 - Processed: risk_management/Banklarda …ôm…ôliyyat riskl…ôrinin idar…ô edilm…ôsi QaydasńĪ.md -> 13 chunks, 6 pages.
2026-06-27 02:34:56,179 - Processed: risk_management/58696c0de75462383dba38398.md -> 33 chunks, 68 pages.
2026-06-27 02:34:56,181 - Processed: prudential_regulations/‚ÄúIŐánvestisiya sŐßirk…ôtinin davamlńĪ kapital t…ôl…ôbl…ôri haqqńĪnda Qaydalar‚ÄĚńĪn t…ôsdiq edilm…ôsi bar…ôd…ô.md -> 21 chunks, 10 pages.
2026-06-27 02:34:56,181 - Processed: prudential_regulations/‚ÄúQiym…ôtli kagŐÜńĪzlar bazarńĪnda lisenziyalasŐßdńĪrńĪlan sŐß…ôxsl…ôrin nizamnam…ô kapitalńĪnńĪn minimum miqdarńĪ v…ô onun formalasŐßdńĪrńĪlmasńĪ haqqńĪnda Qaydalar‚ÄĚńĪn t…ôsdiq edilm…ôsi bar…ôd…ô.md -> 5 chunks, 2 pages.
2026-06-27 02:34:56,183 - Processed: prudential_regulations/‚ÄúKredit ittifaqlarńĪnńĪn prudensial t…ônziml…ônm…ôsi QaydalarńĪ‚ÄĚnńĪn t…ôsdiq edilm…ôsi haqqńĪnda.md -> 48 chunks, 12 pages.
2026-06-27 02:34:56,184 - Processed: prudential_regulations/_DoŐąvl…ôt qeydiyyatńĪna alńĪnmńĪsŐßdńĪr_.md -> 19 chunks, 6 pages.
2026-06-27 02:34:56,184 - Processed: prudential_regulations/Az…ôrbaycan RespublikasńĪnńĪn M…ôrk…ôzi BankńĪ - BanklarńĪn …ôsas v…ôsaitl…ôrl…ô (…ômlakla) apardńĪqlarńĪ …ôm…ôliyyatlarńĪn t…ônziml…ônm…ôsi QaydalarńĪ.md -> 9 chunks, 5 pages.
2026-06-27 02:34:56,185 - Processed: prudential_regulations/a416bd5767831ef5222712ecd.md -> 28 chunks, 23 pages.
2026-06-27 02:34:56,186 - Processed: prudential_regulations/009aa733c2e8a69d2ccc41bf4.md -> 7 chunks, 4 pages.
2026-06-27 02:34:56,187 - Processed: governance_and_compliance/Daxili audit haqqńĪnda.md -> 21 chunks, 7 pages.
2026-06-27 02:34:56,189 - Processed: governance_and_compliance/9018b71b0859bc7a490ea0f22.md -> 83 chunks, 44 pages.
2026-06-27 02:34:56,193 - Processed: governance_and_compliance/‚ÄúAz…ôrbaycan RespublikasńĪnńĪn bank sistemind…ô arxiv isŐßinin aparńĪlmasńĪ haqqńĪnda T…ôlimat‚ÄĚńĪn t…ôsdiq edilm…ôsi bar…ôd…ô.md -> 283 chunks, 27 pages.
2026-06-27 02:34:56,196 - Processed: governance_and_compliance/Banklarda korporativ idar…ôetm…ô StandartlarńĪ.md -> 48 chunks, 27 pages.
2026-06-27 02:34:56,197 - Processed: governance_and_compliance/d6a9834a-d9f7-49f3-abff-14cd901c615d.md -> 14 chunks, 4 pages.
2026-06-27 02:34:56,199 - Processed: governance_and_compliance/beaf2f3b-d7c9-4377-8d69-d29758699119.md -> 37 chunks, 6 pages.
2026-06-27 02:34:56,201 - Processed: governance_and_compliance/Az…ôrbaycan RespublikasńĪ Prezidentinin F…ôrmanńĪ.md -> 27 chunks, 12 pages.
2026-06-27 02:34:56,201 - Processed: governance_and_compliance/Nizamnam…ô kapitalńĪnda doŐąvl…ôt…ô m…ôxsus s…ôhml…ôr olan banklarńĪn v…ô bank olmayan kredit t…ôsŐßkilatlarńĪnńĪn idar…ô edilm…ôsind…ô doŐąvl…ôtin isŐßtirakńĪ qaydasńĪ haqqńĪnda.md -> 4 chunks, 2 pages.
2026-06-27 02:34:56,202 - Processed: governance_and_compliance/45937180-250a-4b4a-b8e5-153945adb06d.md -> 30 chunks, 10 pages.
2026-06-27 02:34:56,203 - Processed: governance_and_compliance/‚ÄúKredit ittifaqńĪna bank …ôm…ôliyyatńĪnńĪn h…ôyata kecŐßirilm…ôsi uŐącŐßuŐąn lisenziya verilm…ôsi QaydasńĪ‚ÄĚnńĪn t…ôsdiq edilm…ôsi haqqńĪnda.md -> 10 chunks, 5 pages.
2026-06-27 02:34:56,204 - Processed: governance_and_compliance/50c0f6d30754ffa78df0070e8.md -> 8 chunks, 5 pages.
2026-06-27 02:34:56,205 - Processed: governance_and_compliance/04957d78-5ed1-477c-9d32-2ed4797154e4.md -> 11 chunks, 5 pages.
2026-06-27 02:34:56,208 - Processed: governance_and_compliance/IŐástehlakcŐßńĪlarńĪn huŐąquqlarńĪnńĪn muŐądafi…ôsi haqqńĪnda.md -> 111 chunks, 31 pages.
2026-06-27 02:34:56,209 - Processed: governance_and_compliance/Az…ôrbaycan RespublikasńĪnńĪn M…ôrk…ôzi BankńĪ - Maliyy…ô institutlarńĪnda istehlakcŐßńĪlarńĪn sŐßikay…ôtl…ôrin…ô baxńĪlmasńĪna dair Metodoloji R…ôhb…ôrlik.md -> 21 chunks, 10 pages.
2026-06-27 02:34:56,209 - Processed: governance_and_compliance/‚ÄúAz…ôrbaycan RespublikasńĪ M…ôrk…ôzi BankńĪnńĪn normativ xarakterli aktlarńĪnńĪn hazńĪrlanmasńĪ v…ô q…ôbul edilm…ôsi QaydasńĪ‚ÄĚnńĪn t…ôsdiq edilm…ôsi bar…ôd…ô.md -> 7 chunks, 2 pages.
2026-06-27 02:34:56,210 - Processed: governance_and_compliance/‚ÄúBanklarńĪn yenid…ôn t…ôsŐßkili haqqńĪnda Qaydalar‚ÄĚńĪn t…ôsdiq edilm…ôsi bar…ôd…ô.md -> 11 chunks, 4 pages.
2026-06-27 02:34:56,211 - Processed: governance_and_compliance/Auditor xidm…ôti haqqńĪnda.md -> 25 chunks, 12 pages.
2026-06-27 02:34:56,212 - Processed: guidance_and_methodology/feeb62eb12b5c144caa99818e.md -> 13 chunks, 14 pages.
2026-06-27 02:34:56,214 - Processed: guidance_and_methodology/dc1546b51b6aa6b3d92409836.md -> 18 chunks, 27 pages.
2026-06-27 02:34:56,214 - Processed: guidance_and_methodology/Az…ôrbaycan RespublikasńĪnńĪn M…ôrk…ôzi BankńĪ - Maliyy…ô xidm…ôtl…ôri sah…ôsind…ô t…ônziml…ôyici cŐß…ôrcŐßiv…ônin hazńĪrlńĪq s…ôviyy…ôsinin t…ôhlili.md -> 1 chunks, 1 pages.
2026-06-27 02:34:56,216 - Processed: aml_kyc/OŐąhd…ôlik dasŐßńĪyan sŐß…ôxsl…ôrin daxili n…ôzar…ôt proqramńĪnńĪn cavab verm…ôli oldugŐÜu minimum T…ôl…ôbl…ôr.md -> 18 chunks, 19 pages.
2026-06-27 02:34:56,217 - Processed: aml_kyc/MuŐąsŐßt…ôri UygŐÜunlugŐÜu v…ô Risk Qiym…ôtl…ôndirm…ôsi QaydalarńĪ.md -> 24 chunks, 17 pages.
2026-06-27 02:34:56,218 - Processed: aml_kyc/AML Sanksiya D…ôyisŐßiklikl…ôri.md -> 6 chunks, 4 pages.
2026-06-27 02:34:56,219 - Processed: aml_kyc/‚ÄúQiym…ôtli kagŐÜńĪzlar bazarńĪnda sui-istifad…ôl…ôrin qarsŐßńĪsńĪnńĪn alńĪnmasńĪ haqqńĪnda Qaydalar‚ÄĚńĪn t…ôsdiq edilm…ôsi bar…ôd…ô.md -> 27 chunks, 3 pages.
2026-06-27 02:34:56,220 - Processed: aml_kyc/d290a5c47f251d932318feaec.md -> 8 chunks, 13 pages.
2026-06-27 02:34:56,222 - Processed: aml_kyc/Cinay…ôt yolu il…ô …ôld…ô edilmisŐß …ômlakńĪn leqallasŐßdńĪrńĪlmasńĪna v…ô terrorcŐßulugŐÜun maliyy…ôl…ôsŐßdirilm…ôsin…ô qarsŐßńĪ muŐąbariz…ô haqqńĪnda.md -> 37 chunks, 29 pages.
2026-06-27 02:34:56,225 - Processed: aml_kyc/M…ôc…ôll…ô.md -> 37 chunks, 28 pages.
2026-06-27 02:34:56,228 - Processed: aml_kyc/Valyuta t…ônzimi haqqńĪnda.md -> 143 chunks, 26 pages.
2026-06-27 02:34:56,230 - Processed: aml_kyc/ad29955c-5a37-413c-937e-cd1e5988ae62.md -> 16 chunks, 8 pages.
2026-06-27 02:34:56,231 - Processed: aml_kyc/096312ee-c41c-4c1f-9edd-baf5f3187758.md -> 58 chunks, 10 pages.
2026-06-27 02:41:31,015 - Processed: reporting_and_audit/‚ÄúQiym…ôtli kagŐÜńĪzlar bazarńĪnda lisenziyalasŐßdńĪrńĪlan sŐß…ôxsl…ôrin k…ônar auditorlarńĪna dair t…ôl…ôbl…ôr haqqńĪnda Qaydalar‚ÄĚńĪn t…ôsdiq edilm…ôsi bar…ôd…ô.md -> 9 chunks, 3 pages.
2026-06-27 02:41:31,017 - Processed: reporting_and_audit/‚ÄúDoŐąvl…ôt qeydiyyatńĪna alńĪnmńĪsŐßdńĪr.md -> 27 chunks, 8 pages.
2026-06-27 02:41:31,018 - Processed: reporting_and_audit/Az…ôrbaycan RespublikasńĪnńĪn M…ôrk…ôzi BankńĪ - Az…ôrbaycan RespublikasńĪnńĪn Bank sistemind…ô¬†…ôman…ôtl…ôrin (depozitl…ôrin) ucŐßot QaydalarńĪ.md -> 8 chunks, 2 pages.
2026-06-27 02:41:31,019 - Processed: reporting_and_audit/‚ÄúQEYD∆Ź ALINMISŐßDIR‚ÄĚ ‚ÄúT∆ŹSDIŐáQ EDIŐáR∆ŹM‚ÄĚ.md -> 7 chunks, 2 pages.
2026-06-27 02:41:31,021 - Processed: reporting_and_audit/93968292987fc27975a90fcfd.md -> 67 chunks, 49 pages.
2026-06-27 02:41:31,022 - Processed: reporting_and_audit/‚ÄúQEYD∆Ź ALINMISŐßDIR‚ÄĚ.md -> 7 chunks, 2 pages.
2026-06-27 02:41:31,023 - Processed: reporting_and_audit/3df76b8c-0902-46c3-86d9-7274e5a85bfa.md -> 20 chunks, 6 pages.
2026-06-27 02:41:31,023 - Processed: reporting_and_audit/‚ÄúDoŐąvl…ôt qeydiyyatńĪna alńĪnmńĪsŐßdńĪr‚ÄĚ.md -> 5 chunks, 2 pages.
2026-06-27 02:41:31,023 - Processed: reporting_and_audit/‚ÄúEmitentin istiqraz buraxńĪlńĪŇüńĪnńĪn maksimum h…ôcmin…ô dair t…ôl…ôbl…ôr haqqńĪnda Qayda‚ÄĚnńĪn t…ôsdiq edilm…ôsi bar…ôd…ô.md -> 0 chunks, 1 pages.
2026-06-27 02:41:31,025 - Processed: reporting_and_audit/Az…ôrbaycan RespublikasńĪ Prezidentinin F…ôrmanńĪ.md -> 15 chunks, 6 pages.
2026-06-27 02:41:31,031 - Processed: reporting_and_audit/‚ÄúAz…ôrbaycan RespublikasńĪ rezidentl…ôrinin qeyri-rezidentl…ôrl…ô maliyy…ô …ôm…ôliyyatlarńĪna v…ô neytral …ôm…ôliyyatlara dair hesabatńĪn t…ôrtibi v…ô t…ôqdim edilm…ôsi haqqńĪnda T…ôlimat‚ÄĚńĪn t…ôsdiq edilm…ôsi bar…ôd…ô.md -> 485 chunks, 26 pages.
2026-06-27 02:41:31,031 - Processed: reporting_and_audit/‚ÄúFiziki sŐß…ôxsl…ôrin bank hesablarńĪndan Az…ôrbaycan RespublikasńĪndan k…ônara koŐącŐßuŐąruŐąl…ôn xarici valyuta haqqńĪnda statistik hesabatńĪn t…ôrtibi v…ô t…ôqdim edilm…ôsin…ô dair T…ôlimat‚ÄĚńĪn t…ôsdiq edilm…ôsi bar…ôd…ô.md -> 6 chunks, 2 pages.
2026-06-27 02:41:31,032 - Processed: reporting_and_audit/05dc79d9-43f7-4a71-aa62-709a43c03f7d.md -> 8 chunks, 3 pages.
2026-06-27 02:41:31,034 - Processed: reporting_and_audit/_DoŐąvl…ôt qeydiyyatńĪna alńĪnmńĪsŐßdńĪr.md -> 28 chunks, 11 pages.
2026-06-27 02:41:31,035 - Processed: reporting_and_audit/¬ęDoŐąvl…ôt qeydiyyatńĪna alńĪnmńĪsŐßdńĪr¬Ľ.md -> 9 chunks, 3 pages.
2026-06-27 02:41:31,035 - Processed: reporting_and_audit/‚ÄúIŐápoteka oŐąrtuŐąyuŐąnuŐąn reyestrinin aparńĪlmasńĪ v…ô s…ôr…ôncamcŐßńĪ t…ôr…ôfind…ôn ipoteka oŐąrtuŐąyuŐąnuŐąn yoxlanńĪlmasńĪnńĪn n…ôtic…ôl…ôri bar…ôd…ô hesabata dair t…ôl…ôbl…ôr haqqńĪnda Qaydalar‚ÄĚńĪn t…ôsdiq edilm…ôsi bar…ôd…ô.md -> 9 chunks, 3 pages.
2026-06-27 02:41:31,039 - Processed: payments_and_banking_operations/Bank HesablarńĪ QaydasńĪ.md -> 123 chunks, 41 pages.
2026-06-27 02:41:31,039 - Processed: payments_and_banking_operations/Az…ôrbaycan RespublikasńĪnńĪn M…ôrk…ôzi BankńĪ - Az…ôrbaycan RespublikasńĪnńĪn bank sistemind…ô¬†oŐąd…ônisŐß vasit…ôl…ôrinin maliyy…ô hesabatlarńĪnda ucŐßotu QaydalarńĪ.md -> 8 chunks, 6 pages.
2026-06-27 02:41:31,041 - Processed: payments_and_banking_operations/Az…ôrbaycan RespublikasńĪnńĪn M…ôrk…ôzi BankńĪ - Az…ôrbaycan RespublikasńĪnda elektron bankcŐßńĪlńĪq xidm…ôtl…ôrinin goŐąst…ôrilm…ôsin…ô v…ô bu xidm…ôtl…ôr uŐązr…ô¬†t…ôhluŐąk…ôsizliyin t…ômin olunmasńĪna dair¬†Metodoloji R…ôhb…ôrlik.md -> 15 chunks, 14 pages.
2026-06-27 02:41:31,044 - Processed: payments_and_banking_operations/D…ônizk…ônarńĪ Bulvar IŐádar…ôsinin f…ôaliyy…ôtinin t…ômin edilm…ôsi haqqńĪnda.md -> 79 chunks, 33 pages.
2026-06-27 02:41:31,044 - Processed: payments_and_banking_operations/ńįstehlak krediti m√ľqavil…ôsi √ľzr…ô standart m…ôlumatlandńĪrma formasńĪ.md -> 5 chunks, 5 pages.
2026-06-27 02:41:31,045 - Processed: payments_and_banking_operations/9abef96e-dec9-4c51-b763-8ccf4e23afdd.md -> 8 chunks, 5 pages.
2026-06-27 02:41:31,046 - Processed: payments_and_banking_operations/c8ef8b99-7b1c-442c-bf14-1f015ec0cc8e.md -> 6 chunks, 3 pages.
2026-06-27 02:41:31,046 - Processed: payments_and_banking_operations/Az…ôrbaycan RespublikasńĪnńĪn M…ôrk…ôzi BankńĪ - S…ôn…ôdl…ôsŐßdirilmisŐß emissiya qiym…ôtli kagŐÜńĪzlarńĪn sertifikatlarńĪnńĪn m…ôcburi rekvizitl…ôri.md -> 7 chunks, 2 pages.
2026-06-27 02:41:31,047 - Processed: payments_and_banking_operations/Bank SŐßoŐąb…ôl…ôri v…ô Valyuta QaydasńĪ.md -> 8 chunks, 5 pages.
2026-06-27 02:41:31,049 - Processed: payments_and_banking_operations/dd1aa268-4de2-48ab-8953-c87d3f1c74e3.md -> 23 chunks, 5 pages.
2026-06-27 02:41:31,052 - Processed: payments_and_banking_operations/4a6fbf3ba5bf66fda98b121c7.md -> 54 chunks, 61 pages.
2026-06-27 02:41:31,055 - Processed: payments_and_banking_operations/64b6f05f-196b-4894-9374-9e5c1c4df7a2.md -> 123 chunks, 15 pages.
2026-06-27 02:41:31,055 - Processed: payments_and_banking_operations/Az…ôrbaycan RespublikasńĪnńĪn 1999-cu il 22 iyun tarixli 689-IQ noŐąmr…ôli Qanunu il…ô t…ôsdiq edilmisŐß ¬ę∆Źdal…ôt muŐąhakim…ôsinin r…ôsmi embleminin t…ôsviri¬Ľnd…ô d…ôyisŐßiklik edilm…ôsi bar…ôd…ô.md -> 3 chunks, 2 pages.
2026-06-27 02:41:31,056 - Processed: payments_and_banking_operations/‚ÄúIŐánvestisiya qiym…ôtli kagŐÜńĪzlarńĪnńĪn qiym…ôtinin sabitl…ôsŐßdirilm…ôsi haqqńĪnda Qaydalar‚ÄĚńĪn t…ôsdiq edilm…ôsi bar…ôd…ô.md -> 10 chunks, 2 pages.
2026-06-27 02:41:31,058 - Processed: laws/AZ∆ŹRBAYCAN RESPUBLIŐáKASININ QANUNU.md -> 114 chunks, 10 pages.
2026-06-27 02:41:31,058 - Processed: laws/402 _Az…ôrbaycan RespublikasńĪnńĪn Milli BankńĪ haqqńĪnda_ Az…ôrbaycan RespublikasńĪ Qanununun t…ôtbiq edilm…ôsi bar…ôd…ô.md -> 6 chunks, 2 pages.
2026-06-27 02:41:31,067 - Processed: laws/Banklar HaqqńĪnda Qanun.md -> 198 chunks, 136 pages.
2026-06-27 02:41:31,071 - Processed: laws/802-IIQ-Az…ôrbaycan RespublikasńĪnńĪn M…ôrk…ôzi BankńĪ haqqńĪnda.md -> 123 chunks, 54 pages.
2026-06-27 02:41:31,071 - Processed: laws/_Banklar haqqńĪnda_ Az…ôrbaycan RespublikasńĪ Qanununun t…ôtbiq edilm…ôsi bar…ôd…ô.md -> 8 chunks, 4 pages.
2026-06-27 02:41:31,074 - Processed: laws/∆Źman…ôtl…ôrin sńĪgŐÜortalanmasńĪ haqqńĪnda.md -> 45 chunks, 16 pages.
2026-06-27 02:41:31,076 - Processed: laws/933-IIIQ-Bank olmayan kredit t…ôsŐßkilatlarńĪ haqqńĪnda.md -> 50 chunks, 29 pages.
2026-06-27 02:41:31,084 - Processed: laws/590-IIQ-Banklar haqqńĪnda.md -> 204 chunks, 122 pages.
2026-06-27 02:41:31,084 - Processed: risk_management/Az…ôrbaycan RespublikasńĪ Prezidentinin 1999-cu il 14 may tarixli 130 noŐąmr…ôli F…ôrmanńĪ il…ô t…ôsdiq edilmisŐß ¬ęAz…ôrbaycan RespublikasńĪnńĪn f…ôxri adlarńĪ haqqńĪnda ∆Źsasnam…ô¬Ľd…ô d…ôyisŐßiklikl…ôr edilm…ôsi bar…ôd…ô.md -> 12 chunks, 2 pages.
2026-06-27 02:41:31,085 - Processed: risk_management/1e1594e275bb96ef2c75aa1e8.md -> 11 chunks, 9 pages.
2026-06-27 02:41:31,086 - Processed: risk_management/faa09ce5-3d98-48b1-ac48-e81ca3d9d4e7.md -> 20 chunks, 6 pages.
2026-06-27 02:41:31,089 - Processed: risk_management/1db1173040cd0364af5d7f0d2.md -> 27 chunks, 59 pages.
2026-06-27 02:41:31,090 - Processed: risk_management/f15fd85d-3c4e-4d87-aa78-8367ca166daf.md -> 15 chunks, 6 pages.
2026-06-27 02:41:31,090 - Processed: risk_management/‚ÄúOŐąd…ôm…ô qabiliyy…ôtini itirmisŐß banklarńĪn rezolyusiyasńĪ v…ô sagŐÜlamlasŐßdńĪrma t…ôdbirl…ôri cŐß…ôrcŐßiv…ôsind…ô qeyri-isŐßl…ôk (toksik) aktivl…ôrin t…ôqdim edilm…ôsi QaydasńĪ‚ÄĚnńĪn t…ôsdiq edilm…ôsi haqqńĪnda.md -> 8 chunks, 2 pages.
2026-06-27 02:41:31,094 - Processed: risk_management/98a6608d0eb4e83b612fde01f.md -> 46 chunks, 86 pages.
2026-06-27 02:41:31,095 - Processed: risk_management/∆Źm…ôliyyat Riskl…ôrinin ńįdar…ô Edilm…ôsi QaydasńĪ.md -> 47 chunks, 11 pages.
2026-06-27 02:41:31,096 - Processed: risk_management/5b725bb224d33e2085294c793.md -> 33 chunks, 15 pages.
2026-06-27 02:41:31,097 - Processed: risk_management/dc1546b51b6aa6b3d92409836.md -> 17 chunks, 27 pages.
2026-06-27 02:41:31,098 - Processed: risk_management/1dfb892e-6204-4404-9166-c861f06996fa.md -> 79 chunks, 20 pages.
2026-06-27 02:41:31,099 - Processed: risk_management/IŐánformasiya Sisteml…ôrinin T…ôhluŐąk…ôsizliyi QaydalarńĪ.md -> 13 chunks, 6 pages.
2026-06-27 02:41:31,100 - Processed: risk_management/511cdc58f232d5d9395551ae8.md -> 24 chunks, 11 pages.
2026-06-27 02:41:31,103 - Processed: risk_management/09b9304488242be054f8c2eb6.md -> 30 chunks, 60 pages.
2026-06-27 02:41:31,104 - Processed: risk_management/6c51a485-6986-4257-b6e0-25475732f1dc.md -> 18 chunks, 5 pages.
2026-06-27 02:41:31,104 - Processed: risk_management/8a4d0220-9312-4ef2-88e8-c65b607a186a.md -> 20 chunks, 6 pages.
2026-06-27 02:41:31,108 - Processed: risk_management/ba0d73daa9275fa1fe1e4694b.md -> 64 chunks, 66 pages.
2026-06-27 02:41:31,112 - Processed: risk_management/baab9bc790127f849f8ac1040.md -> 52 chunks, 88 pages.
2026-06-27 02:41:31,113 - Processed: risk_management/7fd12f0749b180441d54cd4de.md -> 17 chunks, 20 pages.
2026-06-27 02:41:31,114 - Processed: risk_management/Banklarda …ôm…ôliyyat riskl…ôrinin idar…ô edilm…ôsi QaydasńĪ.md -> 13 chunks, 6 pages.
2026-06-27 02:41:31,116 - Processed: risk_management/58696c0de75462383dba38398.md -> 33 chunks, 68 pages.
2026-06-27 02:41:31,118 - Processed: prudential_regulations/‚ÄúIŐánvestisiya sŐßirk…ôtinin davamlńĪ kapital t…ôl…ôbl…ôri haqqńĪnda Qaydalar‚ÄĚńĪn t…ôsdiq edilm…ôsi bar…ôd…ô.md -> 21 chunks, 10 pages.
2026-06-27 02:41:31,118 - Processed: prudential_regulations/‚ÄúQiym…ôtli kagŐÜńĪzlar bazarńĪnda lisenziyalasŐßdńĪrńĪlan sŐß…ôxsl…ôrin nizamnam…ô kapitalńĪnńĪn minimum miqdarńĪ v…ô onun formalasŐßdńĪrńĪlmasńĪ haqqńĪnda Qaydalar‚ÄĚńĪn t…ôsdiq edilm…ôsi bar…ôd…ô.md -> 5 chunks, 2 pages.
2026-06-27 02:41:31,119 - Processed: prudential_regulations/‚ÄúKredit ittifaqlarńĪnńĪn prudensial t…ônziml…ônm…ôsi QaydalarńĪ‚ÄĚnńĪn t…ôsdiq edilm…ôsi haqqńĪnda.md -> 48 chunks, 12 pages.
2026-06-27 02:41:31,120 - Processed: prudential_regulations/_DoŐąvl…ôt qeydiyyatńĪna alńĪnmńĪsŐßdńĪr_.md -> 19 chunks, 6 pages.
2026-06-27 02:41:31,121 - Processed: prudential_regulations/Az…ôrbaycan RespublikasńĪnńĪn M…ôrk…ôzi BankńĪ - BanklarńĪn …ôsas v…ôsaitl…ôrl…ô (…ômlakla) apardńĪqlarńĪ …ôm…ôliyyatlarńĪn t…ônziml…ônm…ôsi QaydalarńĪ.md -> 9 chunks, 5 pages.
2026-06-27 02:41:31,122 - Processed: prudential_regulations/a416bd5767831ef5222712ecd.md -> 28 chunks, 23 pages.
2026-06-27 02:41:31,123 - Processed: prudential_regulations/009aa733c2e8a69d2ccc41bf4.md -> 7 chunks, 4 pages.
2026-06-27 02:41:31,124 - Processed: governance_and_compliance/Daxili audit haqqńĪnda.md -> 21 chunks, 7 pages.
2026-06-27 02:41:31,126 - Processed: governance_and_compliance/9018b71b0859bc7a490ea0f22.md -> 83 chunks, 44 pages.
2026-06-27 02:41:31,130 - Processed: governance_and_compliance/‚ÄúAz…ôrbaycan RespublikasńĪnńĪn bank sistemind…ô arxiv isŐßinin aparńĪlmasńĪ haqqńĪnda T…ôlimat‚ÄĚńĪn t…ôsdiq edilm…ôsi bar…ôd…ô.md -> 283 chunks, 27 pages.
2026-06-27 02:41:31,133 - Processed: governance_and_compliance/Banklarda korporativ idar…ôetm…ô StandartlarńĪ.md -> 48 chunks, 27 pages.
2026-06-27 02:41:31,134 - Processed: governance_and_compliance/d6a9834a-d9f7-49f3-abff-14cd901c615d.md -> 14 chunks, 4 pages.
2026-06-27 02:41:31,135 - Processed: governance_and_compliance/beaf2f3b-d7c9-4377-8d69-d29758699119.md -> 37 chunks, 6 pages.
2026-06-27 02:41:31,137 - Processed: governance_and_compliance/Az…ôrbaycan RespublikasńĪ Prezidentinin F…ôrmanńĪ.md -> 27 chunks, 12 pages.
2026-06-27 02:41:31,137 - Processed: governance_and_compliance/Nizamnam…ô kapitalńĪnda doŐąvl…ôt…ô m…ôxsus s…ôhml…ôr olan banklarńĪn v…ô bank olmayan kredit t…ôsŐßkilatlarńĪnńĪn idar…ô edilm…ôsind…ô doŐąvl…ôtin isŐßtirakńĪ qaydasńĪ haqqńĪnda.md -> 4 chunks, 2 pages.
2026-06-27 02:41:31,139 - Processed: governance_and_compliance/45937180-250a-4b4a-b8e5-153945adb06d.md -> 30 chunks, 10 pages.
2026-06-27 02:41:31,140 - Processed: governance_and_compliance/‚ÄúKredit ittifaqńĪna bank …ôm…ôliyyatńĪnńĪn h…ôyata kecŐßirilm…ôsi uŐącŐßuŐąn lisenziya verilm…ôsi QaydasńĪ‚ÄĚnńĪn t…ôsdiq edilm…ôsi haqqńĪnda.md -> 10 chunks, 5 pages.
2026-06-27 02:41:31,141 - Processed: governance_and_compliance/50c0f6d30754ffa78df0070e8.md -> 8 chunks, 5 pages.
2026-06-27 02:41:31,142 - Processed: governance_and_compliance/04957d78-5ed1-477c-9d32-2ed4797154e4.md -> 11 chunks, 5 pages.
2026-06-27 02:41:31,144 - Processed: governance_and_compliance/IŐástehlakcŐßńĪlarńĪn huŐąquqlarńĪnńĪn muŐądafi…ôsi haqqńĪnda.md -> 111 chunks, 31 pages.
2026-06-27 02:41:31,145 - Processed: governance_and_compliance/Az…ôrbaycan RespublikasńĪnńĪn M…ôrk…ôzi BankńĪ - Maliyy…ô institutlarńĪnda istehlakcŐßńĪlarńĪn sŐßikay…ôtl…ôrin…ô baxńĪlmasńĪna dair Metodoloji R…ôhb…ôrlik.md -> 21 chunks, 10 pages.
2026-06-27 02:41:31,146 - Processed: governance_and_compliance/‚ÄúAz…ôrbaycan RespublikasńĪ M…ôrk…ôzi BankńĪnńĪn normativ xarakterli aktlarńĪnńĪn hazńĪrlanmasńĪ v…ô q…ôbul edilm…ôsi QaydasńĪ‚ÄĚnńĪn t…ôsdiq edilm…ôsi bar…ôd…ô.md -> 7 chunks, 2 pages.
2026-06-27 02:41:31,146 - Processed: governance_and_compliance/‚ÄúBanklarńĪn yenid…ôn t…ôsŐßkili haqqńĪnda Qaydalar‚ÄĚńĪn t…ôsdiq edilm…ôsi bar…ôd…ô.md -> 11 chunks, 4 pages.
2026-06-27 02:41:31,148 - Processed: governance_and_compliance/Auditor xidm…ôti haqqńĪnda.md -> 25 chunks, 12 pages.
2026-06-27 02:41:31,148 - Processed: guidance_and_methodology/feeb62eb12b5c144caa99818e.md -> 13 chunks, 14 pages.
2026-06-27 02:41:31,150 - Processed: guidance_and_methodology/dc1546b51b6aa6b3d92409836.md -> 18 chunks, 27 pages.
2026-06-27 02:41:31,150 - Processed: guidance_and_methodology/Az…ôrbaycan RespublikasńĪnńĪn M…ôrk…ôzi BankńĪ - Maliyy…ô xidm…ôtl…ôri sah…ôsind…ô t…ônziml…ôyici cŐß…ôrcŐßiv…ônin hazńĪrlńĪq s…ôviyy…ôsinin t…ôhlili.md -> 1 chunks, 1 pages.
2026-06-27 02:41:31,152 - Processed: aml_kyc/OŐąhd…ôlik dasŐßńĪyan sŐß…ôxsl…ôrin daxili n…ôzar…ôt proqramńĪnńĪn cavab verm…ôli oldugŐÜu minimum T…ôl…ôbl…ôr.md -> 18 chunks, 19 pages.
2026-06-27 02:41:31,154 - Processed: aml_kyc/MuŐąsŐßt…ôri UygŐÜunlugŐÜu v…ô Risk Qiym…ôtl…ôndirm…ôsi QaydalarńĪ.md -> 24 chunks, 17 pages.
2026-06-27 02:41:31,154 - Processed: aml_kyc/AML Sanksiya D…ôyisŐßiklikl…ôri.md -> 6 chunks, 4 pages.
2026-06-27 02:41:31,155 - Processed: aml_kyc/‚ÄúQiym…ôtli kagŐÜńĪzlar bazarńĪnda sui-istifad…ôl…ôrin qarsŐßńĪsńĪnńĪn alńĪnmasńĪ haqqńĪnda Qaydalar‚ÄĚńĪn t…ôsdiq edilm…ôsi bar…ôd…ô.md -> 27 chunks, 3 pages.
2026-06-27 02:41:31,156 - Processed: aml_kyc/d290a5c47f251d932318feaec.md -> 8 chunks, 13 pages.
2026-06-27 02:41:31,158 - Processed: aml_kyc/Cinay…ôt yolu il…ô …ôld…ô edilmisŐß …ômlakńĪn leqallasŐßdńĪrńĪlmasńĪna v…ô terrorcŐßulugŐÜun maliyy…ôl…ôsŐßdirilm…ôsin…ô qarsŐßńĪ muŐąbariz…ô haqqńĪnda.md -> 37 chunks, 29 pages.
2026-06-27 02:41:31,161 - Processed: aml_kyc/M…ôc…ôll…ô.md -> 37 chunks, 28 pages.
2026-06-27 02:41:31,164 - Processed: aml_kyc/Valyuta t…ônzimi haqqńĪnda.md -> 143 chunks, 26 pages.
2026-06-27 02:41:31,165 - Processed: aml_kyc/ad29955c-5a37-413c-937e-cd1e5988ae62.md -> 16 chunks, 8 pages.
2026-06-27 02:41:31,167 - Processed: aml_kyc/096312ee-c41c-4c1f-9edd-baf5f3187758.md -> 58 chunks, 10 pages.
2026-06-27 02:46:34,020 - Processed: reporting_and_audit/‚ÄúQiym…ôtli kagŐÜńĪzlar bazarńĪnda lisenziyalasŐßdńĪrńĪlan sŐß…ôxsl…ôrin k…ônar auditorlarńĪna dair t…ôl…ôbl…ôr haqqńĪnda Qaydalar‚ÄĚńĪn t…ôsdiq edilm…ôsi bar…ôd…ô.md -> 9 chunks, 3 pages.
2026-06-27 02:46:34,022 - Processed: reporting_and_audit/‚ÄúDoŐąvl…ôt qeydiyyatńĪna alńĪnmńĪsŐßdńĪr.md -> 27 chunks, 8 pages.
2026-06-27 02:46:34,022 - Processed: reporting_and_audit/Az…ôrbaycan RespublikasńĪnńĪn M…ôrk…ôzi BankńĪ - Az…ôrbaycan RespublikasńĪnńĪn Bank sistemind…ô¬†…ôman…ôtl…ôrin (depozitl…ôrin) ucŐßot QaydalarńĪ.md -> 8 chunks, 2 pages.
2026-06-27 02:46:34,023 - Processed: reporting_and_audit/‚ÄúQEYD∆Ź ALINMISŐßDIR‚ÄĚ ‚ÄúT∆ŹSDIŐáQ EDIŐáR∆ŹM‚ÄĚ.md -> 7 chunks, 2 pages.
2026-06-27 02:46:34,025 - Processed: reporting_and_audit/93968292987fc27975a90fcfd.md -> 67 chunks, 49 pages.
2026-06-27 02:46:34,026 - Processed: reporting_and_audit/‚ÄúQEYD∆Ź ALINMISŐßDIR‚ÄĚ.md -> 7 chunks, 2 pages.
2026-06-27 02:46:34,027 - Processed: reporting_and_audit/3df76b8c-0902-46c3-86d9-7274e5a85bfa.md -> 20 chunks, 6 pages.
2026-06-27 02:46:34,028 - Processed: reporting_and_audit/‚ÄúDoŐąvl…ôt qeydiyyatńĪna alńĪnmńĪsŐßdńĪr‚ÄĚ.md -> 5 chunks, 2 pages.
2026-06-27 02:46:34,028 - Processed: reporting_and_audit/‚ÄúEmitentin istiqraz buraxńĪlńĪŇüńĪnńĪn maksimum h…ôcmin…ô dair t…ôl…ôbl…ôr haqqńĪnda Qayda‚ÄĚnńĪn t…ôsdiq edilm…ôsi bar…ôd…ô.md -> 0 chunks, 1 pages.
2026-06-27 02:46:34,029 - Processed: reporting_and_audit/Az…ôrbaycan RespublikasńĪ Prezidentinin F…ôrmanńĪ.md -> 15 chunks, 6 pages.
2026-06-27 02:46:34,035 - Processed: reporting_and_audit/‚ÄúAz…ôrbaycan RespublikasńĪ rezidentl…ôrinin qeyri-rezidentl…ôrl…ô maliyy…ô …ôm…ôliyyatlarńĪna v…ô neytral …ôm…ôliyyatlara dair hesabatńĪn t…ôrtibi v…ô t…ôqdim edilm…ôsi haqqńĪnda T…ôlimat‚ÄĚńĪn t…ôsdiq edilm…ôsi bar…ôd…ô.md -> 485 chunks, 26 pages.
2026-06-27 02:46:34,036 - Processed: reporting_and_audit/‚ÄúFiziki sŐß…ôxsl…ôrin bank hesablarńĪndan Az…ôrbaycan RespublikasńĪndan k…ônara koŐącŐßuŐąruŐąl…ôn xarici valyuta haqqńĪnda statistik hesabatńĪn t…ôrtibi v…ô t…ôqdim edilm…ôsin…ô dair T…ôlimat‚ÄĚńĪn t…ôsdiq edilm…ôsi bar…ôd…ô.md -> 6 chunks, 2 pages.
2026-06-27 02:46:34,036 - Processed: reporting_and_audit/05dc79d9-43f7-4a71-aa62-709a43c03f7d.md -> 8 chunks, 3 pages.
2026-06-27 02:46:34,038 - Processed: reporting_and_audit/_DoŐąvl…ôt qeydiyyatńĪna alńĪnmńĪsŐßdńĪr.md -> 28 chunks, 11 pages.
2026-06-27 02:46:34,039 - Processed: reporting_and_audit/¬ęDoŐąvl…ôt qeydiyyatńĪna alńĪnmńĪsŐßdńĪr¬Ľ.md -> 9 chunks, 3 pages.
2026-06-27 02:46:34,039 - Processed: reporting_and_audit/‚ÄúIŐápoteka oŐąrtuŐąyuŐąnuŐąn reyestrinin aparńĪlmasńĪ v…ô s…ôr…ôncamcŐßńĪ t…ôr…ôfind…ôn ipoteka oŐąrtuŐąyuŐąnuŐąn yoxlanńĪlmasńĪnńĪn n…ôtic…ôl…ôri bar…ôd…ô hesabata dair t…ôl…ôbl…ôr haqqńĪnda Qaydalar‚ÄĚńĪn t…ôsdiq edilm…ôsi bar…ôd…ô.md -> 9 chunks, 3 pages.
2026-06-27 02:46:34,043 - Processed: payments_and_banking_operations/Bank HesablarńĪ QaydasńĪ.md -> 123 chunks, 41 pages.
2026-06-27 02:46:34,043 - Processed: payments_and_banking_operations/Az…ôrbaycan RespublikasńĪnńĪn M…ôrk…ôzi BankńĪ - Az…ôrbaycan RespublikasńĪnńĪn bank sistemind…ô¬†oŐąd…ônisŐß vasit…ôl…ôrinin maliyy…ô hesabatlarńĪnda ucŐßotu QaydalarńĪ.md -> 8 chunks, 6 pages.
2026-06-27 02:46:34,045 - Processed: payments_and_banking_operations/Az…ôrbaycan RespublikasńĪnńĪn M…ôrk…ôzi BankńĪ - Az…ôrbaycan RespublikasńĪnda elektron bankcŐßńĪlńĪq xidm…ôtl…ôrinin goŐąst…ôrilm…ôsin…ô v…ô bu xidm…ôtl…ôr uŐązr…ô¬†t…ôhluŐąk…ôsizliyin t…ômin olunmasńĪna dair¬†Metodoloji R…ôhb…ôrlik.md -> 15 chunks, 14 pages.
2026-06-27 02:46:34,049 - Processed: payments_and_banking_operations/D…ônizk…ônarńĪ Bulvar IŐádar…ôsinin f…ôaliyy…ôtinin t…ômin edilm…ôsi haqqńĪnda.md -> 79 chunks, 33 pages.
2026-06-27 02:46:34,050 - Processed: payments_and_banking_operations/ńįstehlak krediti m√ľqavil…ôsi √ľzr…ô standart m…ôlumatlandńĪrma formasńĪ.md -> 5 chunks, 5 pages.
2026-06-27 02:46:34,050 - Processed: payments_and_banking_operations/9abef96e-dec9-4c51-b763-8ccf4e23afdd.md -> 8 chunks, 5 pages.
2026-06-27 02:46:34,051 - Processed: payments_and_banking_operations/c8ef8b99-7b1c-442c-bf14-1f015ec0cc8e.md -> 6 chunks, 3 pages.
2026-06-27 02:46:34,052 - Processed: payments_and_banking_operations/Az…ôrbaycan RespublikasńĪnńĪn M…ôrk…ôzi BankńĪ - S…ôn…ôdl…ôsŐßdirilmisŐß emissiya qiym…ôtli kagŐÜńĪzlarńĪn sertifikatlarńĪnńĪn m…ôcburi rekvizitl…ôri.md -> 7 chunks, 2 pages.
2026-06-27 02:46:34,053 - Processed: payments_and_banking_operations/Bank SŐßoŐąb…ôl…ôri v…ô Valyuta QaydasńĪ.md -> 8 chunks, 5 pages.
2026-06-27 02:46:34,054 - Processed: payments_and_banking_operations/dd1aa268-4de2-48ab-8953-c87d3f1c74e3.md -> 23 chunks, 5 pages.
2026-06-27 02:46:34,057 - Processed: payments_and_banking_operations/4a6fbf3ba5bf66fda98b121c7.md -> 54 chunks, 61 pages.
2026-06-27 02:46:34,060 - Processed: payments_and_banking_operations/64b6f05f-196b-4894-9374-9e5c1c4df7a2.md -> 123 chunks, 15 pages.
2026-06-27 02:46:34,060 - Processed: payments_and_banking_operations/Az…ôrbaycan RespublikasńĪnńĪn 1999-cu il 22 iyun tarixli 689-IQ noŐąmr…ôli Qanunu il…ô t…ôsdiq edilmisŐß ¬ę∆Źdal…ôt muŐąhakim…ôsinin r…ôsmi embleminin t…ôsviri¬Ľnd…ô d…ôyisŐßiklik edilm…ôsi bar…ôd…ô.md -> 3 chunks, 2 pages.
2026-06-27 02:46:34,061 - Processed: payments_and_banking_operations/‚ÄúIŐánvestisiya qiym…ôtli kagŐÜńĪzlarńĪnńĪn qiym…ôtinin sabitl…ôsŐßdirilm…ôsi haqqńĪnda Qaydalar‚ÄĚńĪn t…ôsdiq edilm…ôsi bar…ôd…ô.md -> 10 chunks, 2 pages.
2026-06-27 02:46:34,063 - Processed: laws/AZ∆ŹRBAYCAN RESPUBLIŐáKASININ QANUNU.md -> 114 chunks, 10 pages.
2026-06-27 02:46:34,064 - Processed: laws/402 _Az…ôrbaycan RespublikasńĪnńĪn Milli BankńĪ haqqńĪnda_ Az…ôrbaycan RespublikasńĪ Qanununun t…ôtbiq edilm…ôsi bar…ôd…ô.md -> 6 chunks, 2 pages.
2026-06-27 02:46:34,072 - Processed: laws/Banklar HaqqńĪnda Qanun.md -> 198 chunks, 136 pages.
2026-06-27 02:46:34,076 - Processed: laws/802-IIQ-Az…ôrbaycan RespublikasńĪnńĪn M…ôrk…ôzi BankńĪ haqqńĪnda.md -> 123 chunks, 54 pages.
2026-06-27 02:46:34,077 - Processed: laws/_Banklar haqqńĪnda_ Az…ôrbaycan RespublikasńĪ Qanununun t…ôtbiq edilm…ôsi bar…ôd…ô.md -> 8 chunks, 4 pages.
2026-06-27 02:46:34,079 - Processed: laws/∆Źman…ôtl…ôrin sńĪgŐÜortalanmasńĪ haqqńĪnda.md -> 45 chunks, 16 pages.
2026-06-27 02:46:34,081 - Processed: laws/933-IIIQ-Bank olmayan kredit t…ôsŐßkilatlarńĪ haqqńĪnda.md -> 50 chunks, 29 pages.
2026-06-27 02:46:34,090 - Processed: laws/590-IIQ-Banklar haqqńĪnda.md -> 204 chunks, 122 pages.
2026-06-27 02:46:34,090 - Processed: risk_management/Az…ôrbaycan RespublikasńĪ Prezidentinin 1999-cu il 14 may tarixli 130 noŐąmr…ôli F…ôrmanńĪ il…ô t…ôsdiq edilmisŐß ¬ęAz…ôrbaycan RespublikasńĪnńĪn f…ôxri adlarńĪ haqqńĪnda ∆Źsasnam…ô¬Ľd…ô d…ôyisŐßiklikl…ôr edilm…ôsi bar…ôd…ô.md -> 12 chunks, 2 pages.
2026-06-27 02:46:34,091 - Processed: risk_management/1e1594e275bb96ef2c75aa1e8.md -> 11 chunks, 9 pages.
2026-06-27 02:46:34,092 - Processed: risk_management/faa09ce5-3d98-48b1-ac48-e81ca3d9d4e7.md -> 20 chunks, 6 pages.
2026-06-27 02:46:34,094 - Processed: risk_management/1db1173040cd0364af5d7f0d2.md -> 27 chunks, 59 pages.
2026-06-27 02:46:34,096 - Processed: risk_management/f15fd85d-3c4e-4d87-aa78-8367ca166daf.md -> 15 chunks, 6 pages.
2026-06-27 02:46:34,097 - Processed: risk_management/‚ÄúOŐąd…ôm…ô qabiliyy…ôtini itirmisŐß banklarńĪn rezolyusiyasńĪ v…ô sagŐÜlamlasŐßdńĪrma t…ôdbirl…ôri cŐß…ôrcŐßiv…ôsind…ô qeyri-isŐßl…ôk (toksik) aktivl…ôrin t…ôqdim edilm…ôsi QaydasńĪ‚ÄĚnńĪn t…ôsdiq edilm…ôsi haqqńĪnda.md -> 8 chunks, 2 pages.
2026-06-27 02:46:34,100 - Processed: risk_management/98a6608d0eb4e83b612fde01f.md -> 46 chunks, 86 pages.
2026-06-27 02:46:34,101 - Processed: risk_management/∆Źm…ôliyyat Riskl…ôrinin ńįdar…ô Edilm…ôsi QaydasńĪ.md -> 47 chunks, 11 pages.
2026-06-27 02:46:34,102 - Processed: risk_management/5b725bb224d33e2085294c793.md -> 33 chunks, 15 pages.
2026-06-27 02:46:34,103 - Processed: risk_management/dc1546b51b6aa6b3d92409836.md -> 17 chunks, 27 pages.
2026-06-27 02:46:34,105 - Processed: risk_management/1dfb892e-6204-4404-9166-c861f06996fa.md -> 79 chunks, 20 pages.
2026-06-27 02:46:34,105 - Processed: risk_management/IŐánformasiya Sisteml…ôrinin T…ôhluŐąk…ôsizliyi QaydalarńĪ.md -> 13 chunks, 6 pages.
2026-06-27 02:46:34,106 - Processed: risk_management/511cdc58f232d5d9395551ae8.md -> 24 chunks, 11 pages.
2026-06-27 02:46:34,109 - Processed: risk_management/09b9304488242be054f8c2eb6.md -> 30 chunks, 60 pages.
2026-06-27 02:46:34,110 - Processed: risk_management/6c51a485-6986-4257-b6e0-25475732f1dc.md -> 18 chunks, 5 pages.
2026-06-27 02:46:34,111 - Processed: risk_management/8a4d0220-9312-4ef2-88e8-c65b607a186a.md -> 20 chunks, 6 pages.
2026-06-27 02:46:34,114 - Processed: risk_management/ba0d73daa9275fa1fe1e4694b.md -> 64 chunks, 66 pages.
2026-06-27 02:46:34,118 - Processed: risk_management/baab9bc790127f849f8ac1040.md -> 52 chunks, 88 pages.
2026-06-27 02:46:34,119 - Processed: risk_management/7fd12f0749b180441d54cd4de.md -> 17 chunks, 20 pages.
2026-06-27 02:46:34,120 - Processed: risk_management/Banklarda …ôm…ôliyyat riskl…ôrinin idar…ô edilm…ôsi QaydasńĪ.md -> 13 chunks, 6 pages.
2026-06-27 02:46:34,123 - Processed: risk_management/58696c0de75462383dba38398.md -> 33 chunks, 68 pages.
2026-06-27 02:46:34,124 - Processed: prudential_regulations/‚ÄúIŐánvestisiya sŐßirk…ôtinin davamlńĪ kapital t…ôl…ôbl…ôri haqqńĪnda Qaydalar‚ÄĚńĪn t…ôsdiq edilm…ôsi bar…ôd…ô.md -> 21 chunks, 10 pages.
2026-06-27 02:46:34,125 - Processed: prudential_regulations/‚ÄúQiym…ôtli kagŐÜńĪzlar bazarńĪnda lisenziyalasŐßdńĪrńĪlan sŐß…ôxsl…ôrin nizamnam…ô kapitalńĪnńĪn minimum miqdarńĪ v…ô onun formalasŐßdńĪrńĪlmasńĪ haqqńĪnda Qaydalar‚ÄĚńĪn t…ôsdiq edilm…ôsi bar…ôd…ô.md -> 5 chunks, 2 pages.
2026-06-27 02:46:34,126 - Processed: prudential_regulations/‚ÄúKredit ittifaqlarńĪnńĪn prudensial t…ônziml…ônm…ôsi QaydalarńĪ‚ÄĚnńĪn t…ôsdiq edilm…ôsi haqqńĪnda.md -> 48 chunks, 12 pages.
2026-06-27 02:46:34,127 - Processed: prudential_regulations/_DoŐąvl…ôt qeydiyyatńĪna alńĪnmńĪsŐßdńĪr_.md -> 19 chunks, 6 pages.
2026-06-27 02:46:34,127 - Processed: prudential_regulations/Az…ôrbaycan RespublikasńĪnńĪn M…ôrk…ôzi BankńĪ - BanklarńĪn …ôsas v…ôsaitl…ôrl…ô (…ômlakla) apardńĪqlarńĪ …ôm…ôliyyatlarńĪn t…ônziml…ônm…ôsi QaydalarńĪ.md -> 9 chunks, 5 pages.
2026-06-27 02:46:34,128 - Processed: prudential_regulations/a416bd5767831ef5222712ecd.md -> 28 chunks, 23 pages.
2026-06-27 02:46:34,129 - Processed: prudential_regulations/009aa733c2e8a69d2ccc41bf4.md -> 7 chunks, 4 pages.
2026-06-27 02:46:34,130 - Processed: governance_and_compliance/Daxili audit haqqńĪnda.md -> 21 chunks, 7 pages.
2026-06-27 02:46:34,132 - Processed: governance_and_compliance/9018b71b0859bc7a490ea0f22.md -> 83 chunks, 44 pages.
2026-06-27 02:46:34,136 - Processed: governance_and_compliance/‚ÄúAz…ôrbaycan RespublikasńĪnńĪn bank sistemind…ô arxiv isŐßinin aparńĪlmasńĪ haqqńĪnda T…ôlimat‚ÄĚńĪn t…ôsdiq edilm…ôsi bar…ôd…ô.md -> 283 chunks, 27 pages.
2026-06-27 02:46:34,138 - Processed: governance_and_compliance/Banklarda korporativ idar…ôetm…ô StandartlarńĪ.md -> 48 chunks, 27 pages.
2026-06-27 02:46:34,140 - Processed: governance_and_compliance/d6a9834a-d9f7-49f3-abff-14cd901c615d.md -> 14 chunks, 4 pages.
2026-06-27 02:46:34,141 - Processed: governance_and_compliance/beaf2f3b-d7c9-4377-8d69-d29758699119.md -> 37 chunks, 6 pages.
2026-06-27 02:46:34,143 - Processed: governance_and_compliance/Az…ôrbaycan RespublikasńĪ Prezidentinin F…ôrmanńĪ.md -> 27 chunks, 12 pages.
2026-06-27 02:46:34,144 - Processed: governance_and_compliance/Nizamnam…ô kapitalńĪnda doŐąvl…ôt…ô m…ôxsus s…ôhml…ôr olan banklarńĪn v…ô bank olmayan kredit t…ôsŐßkilatlarńĪnńĪn idar…ô edilm…ôsind…ô doŐąvl…ôtin isŐßtirakńĪ qaydasńĪ haqqńĪnda.md -> 4 chunks, 2 pages.
2026-06-27 02:46:34,145 - Processed: governance_and_compliance/45937180-250a-4b4a-b8e5-153945adb06d.md -> 30 chunks, 10 pages.
2026-06-27 02:46:34,146 - Processed: governance_and_compliance/‚ÄúKredit ittifaqńĪna bank …ôm…ôliyyatńĪnńĪn h…ôyata kecŐßirilm…ôsi uŐącŐßuŐąn lisenziya verilm…ôsi QaydasńĪ‚ÄĚnńĪn t…ôsdiq edilm…ôsi haqqńĪnda.md -> 10 chunks, 5 pages.
2026-06-27 02:46:34,146 - Processed: governance_and_compliance/50c0f6d30754ffa78df0070e8.md -> 8 chunks, 5 pages.
2026-06-27 02:46:34,147 - Processed: governance_and_compliance/04957d78-5ed1-477c-9d32-2ed4797154e4.md -> 11 chunks, 5 pages.
2026-06-27 02:46:34,150 - Processed: governance_and_compliance/IŐástehlakcŐßńĪlarńĪn huŐąquqlarńĪnńĪn muŐądafi…ôsi haqqńĪnda.md -> 111 chunks, 31 pages.
2026-06-27 02:46:34,151 - Processed: governance_and_compliance/Az…ôrbaycan RespublikasńĪnńĪn M…ôrk…ôzi BankńĪ - Maliyy…ô institutlarńĪnda istehlakcŐßńĪlarńĪn sŐßikay…ôtl…ôrin…ô baxńĪlmasńĪna dair Metodoloji R…ôhb…ôrlik.md -> 21 chunks, 10 pages.
2026-06-27 02:46:34,151 - Processed: governance_and_compliance/‚ÄúAz…ôrbaycan RespublikasńĪ M…ôrk…ôzi BankńĪnńĪn normativ xarakterli aktlarńĪnńĪn hazńĪrlanmasńĪ v…ô q…ôbul edilm…ôsi QaydasńĪ‚ÄĚnńĪn t…ôsdiq edilm…ôsi bar…ôd…ô.md -> 7 chunks, 2 pages.
2026-06-27 02:46:34,152 - Processed: governance_and_compliance/‚ÄúBanklarńĪn yenid…ôn t…ôsŐßkili haqqńĪnda Qaydalar‚ÄĚńĪn t…ôsdiq edilm…ôsi bar…ôd…ô.md -> 11 chunks, 4 pages.
2026-06-27 02:46:34,153 - Processed: governance_and_compliance/Auditor xidm…ôti haqqńĪnda.md -> 25 chunks, 12 pages.
2026-06-27 02:46:34,154 - Processed: guidance_and_methodology/feeb62eb12b5c144caa99818e.md -> 13 chunks, 14 pages.
2026-06-27 02:46:34,155 - Processed: guidance_and_methodology/dc1546b51b6aa6b3d92409836.md -> 18 chunks, 27 pages.
2026-06-27 02:46:34,156 - Processed: guidance_and_methodology/Az…ôrbaycan RespublikasńĪnńĪn M…ôrk…ôzi BankńĪ - Maliyy…ô xidm…ôtl…ôri sah…ôsind…ô t…ônziml…ôyici cŐß…ôrcŐßiv…ônin hazńĪrlńĪq s…ôviyy…ôsinin t…ôhlili.md -> 1 chunks, 1 pages.
2026-06-27 02:46:34,158 - Processed: aml_kyc/OŐąhd…ôlik dasŐßńĪyan sŐß…ôxsl…ôrin daxili n…ôzar…ôt proqramńĪnńĪn cavab verm…ôli oldugŐÜu minimum T…ôl…ôbl…ôr.md -> 18 chunks, 19 pages.
2026-06-27 02:46:34,159 - Processed: aml_kyc/MuŐąsŐßt…ôri UygŐÜunlugŐÜu v…ô Risk Qiym…ôtl…ôndirm…ôsi QaydalarńĪ.md -> 24 chunks, 17 pages.
2026-06-27 02:46:34,160 - Processed: aml_kyc/AML Sanksiya D…ôyisŐßiklikl…ôri.md -> 6 chunks, 4 pages.
2026-06-27 02:46:34,161 - Processed: aml_kyc/‚ÄúQiym…ôtli kagŐÜńĪzlar bazarńĪnda sui-istifad…ôl…ôrin qarsŐßńĪsńĪnńĪn alńĪnmasńĪ haqqńĪnda Qaydalar‚ÄĚńĪn t…ôsdiq edilm…ôsi bar…ôd…ô.md -> 27 chunks, 3 pages.
2026-06-27 02:46:34,162 - Processed: aml_kyc/d290a5c47f251d932318feaec.md -> 8 chunks, 13 pages.
2026-06-27 02:46:34,164 - Processed: aml_kyc/Cinay…ôt yolu il…ô …ôld…ô edilmisŐß …ômlakńĪn leqallasŐßdńĪrńĪlmasńĪna v…ô terrorcŐßulugŐÜun maliyy…ôl…ôsŐßdirilm…ôsin…ô qarsŐßńĪ muŐąbariz…ô haqqńĪnda.md -> 37 chunks, 29 pages.
2026-06-27 02:46:34,167 - Processed: aml_kyc/M…ôc…ôll…ô.md -> 37 chunks, 28 pages.
2026-06-27 02:46:34,170 - Processed: aml_kyc/Valyuta t…ônzimi haqqńĪnda.md -> 143 chunks, 26 pages.
2026-06-27 02:46:34,171 - Processed: aml_kyc/ad29955c-5a37-413c-937e-cd1e5988ae62.md -> 16 chunks, 8 pages.
2026-06-27 02:46:34,172 - Processed: aml_kyc/096312ee-c41c-4c1f-9edd-baf5f3187758.md -> 58 chunks, 10 pages.
